2014/05/22 02:22:10 [info] [application] $_GET=array (
  'p' => 'styleguide',
)

$_COOKIE=array (
  'CraftSessionId' => '4121b9f261f5aca2b5cacdc770704377',
)

$_SERVER=array (
  'REDIRECT_STATUS' => '200',
  'HTTP_HOST' => 'corben.dev',
  'HTTP_CONNECTION' => 'keep-alive',
  'HTTP_COOKIE' => 'CraftSessionId=4121b9f261f5aca2b5cacdc770704377',
  'HTTP_VIA' => 'studio-chakra.local:5757',
  'HTTP_ACCEPT' => 'image/gif, image/jpeg, image/pjpeg, application/x-ms-application, application/vnd.ms-xpsdocument, application/xaml+xml, application/x-ms-xbap, */*',
  'HTTP_USER_AGENT' => 'Mozilla/4.0 (compatible; MSIE 8.0; Windows NT 6.0; Trident/4.0; SLCC1; .NET CLR 2.0.50727; .NET CLR 3.5.30729; .NET CLR 3.0.30729)',
  'HTTP_ACCEPT_LANGUAGE' => 'en-us',
  'HTTP_CACHE_CONTROL' => 'max-age=0, no-cache, no-store, must-revalidate',
  'HTTP_ACCEPT_ENCODING' => '',
  'PATH' => '/usr/bin:/bin:/usr/sbin:/sbin',
  'SERVER_SIGNATURE' => '',
  'SERVER_SOFTWARE' => 'Apache',
  'SERVER_NAME' => 'corben.dev',
  'SERVER_ADDR' => '127.0.0.1',
  'SERVER_PORT' => '80',
  'REMOTE_ADDR' => '127.0.0.1',
  'DOCUMENT_ROOT' => '/Applications/MAMP/htdocs/corben.au.com/corben',
  'SERVER_ADMIN' => 'you@example.com',
  'SCRIPT_FILENAME' => '/Applications/MAMP/htdocs/corben.au.com/corben/index.php',
  'REMOTE_PORT' => '51765',
  'REDIRECT_QUERY_STRING' => 'p=styleguide',
  'REDIRECT_URL' => '/styleguide',
  'GATEWAY_INTERFACE' => 'CGI/1.1',
  'SERVER_PROTOCOL' => 'HTTP/1.1',
  'REQUEST_METHOD' => 'GET',
  'QUERY_STRING' => 'p=styleguide',
  'REQUEST_URI' => '/styleguide',
  'SCRIPT_NAME' => '/index.php',
  'PHP_SELF' => '/index.php',
  'REQUEST_TIME_FLOAT' => 1400725330.4170000553131103515625,
  'REQUEST_TIME' => 1400725330,
  'argv' => 
  array (
    0 => 'p=styleguide',
  ),
  'argc' => 1,
)
2014/05/22 02:22:10 [trace] [system.CModule] Loading "db" application component
in /Applications/MAMP/htdocs/corben.au.com/craft/app/etc/web/WebApp.php (572)
in /Applications/MAMP/htdocs/corben.au.com/craft/app/etc/behaviors/AppBehavior.php (41)
in /Applications/MAMP/htdocs/corben.au.com/craft/app/etc/web/WebApp.php (721)
2014/05/22 02:22:10 [trace] [system.db.CDbConnection] Opening DB connection
in /Applications/MAMP/htdocs/corben.au.com/craft/app/etc/db/DbConnection.php (33)
in /Applications/MAMP/htdocs/corben.au.com/craft/app/etc/web/WebApp.php (572)
in /Applications/MAMP/htdocs/corben.au.com/craft/app/etc/behaviors/AppBehavior.php (41)
2014/05/22 02:22:10 [trace] [system.db.CDbCommand] Querying SQL: SHOW TABLES LIKE 'craft_%'
in /Applications/MAMP/htdocs/corben.au.com/craft/app/etc/db/schemas/MysqlSchema.php (251)
in /Applications/MAMP/htdocs/corben.au.com/craft/app/etc/db/DbConnection.php (130)
in /Applications/MAMP/htdocs/corben.au.com/craft/app/etc/behaviors/AppBehavior.php (59)
2014/05/22 02:22:10 [profile] [system.db.CDbCommand.query] begin:system.db.CDbCommand.query(SHOW TABLES LIKE 'craft_%')
2014/05/22 02:22:10 [profile] [system.db.CDbCommand.query] end:system.db.CDbCommand.query(SHOW TABLES LIKE 'craft_%')
2014/05/22 02:22:10 [trace] [system.db.CDbCommand] Querying SQL: SELECT *
FROM `craft_info` LIMIT 1
in /Applications/MAMP/htdocs/corben.au.com/craft/app/etc/behaviors/AppBehavior.php (405)
in /Applications/MAMP/htdocs/corben.au.com/craft/app/etc/behaviors/AppBehavior.php (366)
in /Applications/MAMP/htdocs/corben.au.com/craft/app/etc/web/WebApp.php (142)
2014/05/22 02:22:10 [profile] [system.db.CDbCommand.query] begin:system.db.CDbCommand.query(SELECT *
FROM `craft_info` LIMIT 1)
2014/05/22 02:22:10 [profile] [system.db.CDbCommand.query] end:system.db.CDbCommand.query(SELECT *
FROM `craft_info` LIMIT 1)
2014/05/22 02:22:10 [trace] [system.CModule] Loading "updates" application component
in /Applications/MAMP/htdocs/corben.au.com/craft/app/etc/web/WebApp.php (572)
in /Applications/MAMP/htdocs/corben.au.com/craft/app/etc/web/WebApp.php (157)
in /Applications/MAMP/htdocs/corben.au.com/craft/app/index.php (196)
2014/05/22 02:22:10 [trace] [system.CModule] Loading "plugins" application component
in /Applications/MAMP/htdocs/corben.au.com/craft/app/etc/web/WebApp.php (572)
in /Applications/MAMP/htdocs/corben.au.com/craft/app/etc/web/WebApp.php (215)
in /Applications/MAMP/htdocs/corben.au.com/craft/app/index.php (196)
2014/05/22 02:22:10 [trace] [system.db.CDbCommand] Querying SQL: SELECT `id`, `class`, `version`, `settings`, `installDate`
FROM `craft_plugins`
WHERE enabled=1
in /Applications/MAMP/htdocs/corben.au.com/craft/app/services/PluginsService.php (99)
in /Applications/MAMP/htdocs/corben.au.com/craft/app/etc/web/WebApp.php (215)
in /Applications/MAMP/htdocs/corben.au.com/craft/app/index.php (196)
2014/05/22 02:22:10 [profile] [system.db.CDbCommand.query] begin:system.db.CDbCommand.query(SELECT `id`, `class`, `version`, `settings`, `installDate`
FROM `craft_plugins`
WHERE enabled=1)
2014/05/22 02:22:10 [profile] [system.db.CDbCommand.query] end:system.db.CDbCommand.query(SELECT `id`, `class`, `version`, `settings`, `installDate`
FROM `craft_plugins`
WHERE enabled=1)
2014/05/22 02:22:10 [trace] [system.CModule] Loading "elements" application component
in /Applications/MAMP/htdocs/corben.au.com/craft/app/etc/web/WebApp.php (572)
in /Applications/MAMP/htdocs/corben.au.com/craft/app/etc/web/UrlManager.php (220)
in /Applications/MAMP/htdocs/corben.au.com/craft/app/etc/web/UrlManager.php (84)
2014/05/22 02:22:10 [trace] [system.CModule] Loading "i18n" application component
in /Applications/MAMP/htdocs/corben.au.com/craft/app/etc/web/WebApp.php (572)
in /Applications/MAMP/htdocs/corben.au.com/craft/app/etc/web/WebApp.php (804)
in /Applications/MAMP/htdocs/corben.au.com/craft/app/etc/web/WebApp.php (278)
2014/05/22 02:22:10 [trace] [system.db.CDbCommand] Querying SQL: SELECT `locale`
FROM `craft_locales`
ORDER BY `sortOrder` LIMIT 1
in /Applications/MAMP/htdocs/corben.au.com/craft/app/services/LocalizationService.php (108)
in /Applications/MAMP/htdocs/corben.au.com/craft/app/services/LocalizationService.php (131)
in /Applications/MAMP/htdocs/corben.au.com/craft/app/services/LocalizationService.php (142)
2014/05/22 02:22:10 [profile] [system.db.CDbCommand.query] begin:system.db.CDbCommand.query(SELECT `locale`
FROM `craft_locales`
ORDER BY `sortOrder` LIMIT 1)
2014/05/22 02:22:10 [profile] [system.db.CDbCommand.query] end:system.db.CDbCommand.query(SELECT `locale`
FROM `craft_locales`
ORDER BY `sortOrder` LIMIT 1)
2014/05/22 02:22:10 [trace] [system.db.CDbCommand] Querying SQL: SELECT `elements`.`id`, `elements`.`type`
FROM `craft_elements` `elements`
JOIN `craft_elements_i18n` `elements_i18n` ON elements_i18n.elementId = elements.id
WHERE (elements_i18n.uri = :uri) AND (elements_i18n.locale = :locale) AND (elements_i18n.enabled = 1) AND (elements.enabled = 1) AND (elements.archived = 0). Bound with :uri='styleguide', :locale='en_us'
in /Applications/MAMP/htdocs/corben.au.com/craft/app/services/ElementsService.php (118)
in /Applications/MAMP/htdocs/corben.au.com/craft/app/etc/web/UrlManager.php (220)
in /Applications/MAMP/htdocs/corben.au.com/craft/app/etc/web/UrlManager.php (84)
2014/05/22 02:22:10 [profile] [system.db.CDbCommand.query] begin:system.db.CDbCommand.query(SELECT `elements`.`id`, `elements`.`type`
FROM `craft_elements` `elements`
JOIN `craft_elements_i18n` `elements_i18n` ON elements_i18n.elementId = elements.id
WHERE (elements_i18n.uri = :uri) AND (elements_i18n.locale = :locale) AND (elements_i18n.enabled = 1) AND (elements.enabled = 1) AND (elements.archived = 0). Bound with :uri='styleguide', :locale='en_us')
2014/05/22 02:22:10 [profile] [system.db.CDbCommand.query] end:system.db.CDbCommand.query(SELECT `elements`.`id`, `elements`.`type`
FROM `craft_elements` `elements`
JOIN `craft_elements_i18n` `elements_i18n` ON elements_i18n.elementId = elements.id
WHERE (elements_i18n.uri = :uri) AND (elements_i18n.locale = :locale) AND (elements_i18n.enabled = 1) AND (elements.enabled = 1) AND (elements.archived = 0). Bound with :uri='styleguide', :locale='en_us')
2014/05/22 02:22:10 [trace] [system.CModule] Loading "routes" application component
in /Applications/MAMP/htdocs/corben.au.com/craft/app/etc/web/WebApp.php (572)
in /Applications/MAMP/htdocs/corben.au.com/craft/app/etc/web/UrlManager.php (280)
in /Applications/MAMP/htdocs/corben.au.com/craft/app/etc/web/UrlManager.php (100)
2014/05/22 02:22:10 [trace] [system.db.CDbCommand] Querying SQL: SELECT `urlPattern`, `template`
FROM `craft_routes`
WHERE (locale is null) OR (locale = :locale)
ORDER BY `sortOrder`. Bound with :locale='en_us'
in /Applications/MAMP/htdocs/corben.au.com/craft/app/services/RoutesService.php (65)
in /Applications/MAMP/htdocs/corben.au.com/craft/app/etc/web/UrlManager.php (287)
in /Applications/MAMP/htdocs/corben.au.com/craft/app/etc/web/UrlManager.php (100)
2014/05/22 02:22:10 [profile] [system.db.CDbCommand.query] begin:system.db.CDbCommand.query(SELECT `urlPattern`, `template`
FROM `craft_routes`
WHERE (locale is null) OR (locale = :locale)
ORDER BY `sortOrder`. Bound with :locale='en_us')
2014/05/22 02:22:10 [profile] [system.db.CDbCommand.query] end:system.db.CDbCommand.query(SELECT `urlPattern`, `template`
FROM `craft_routes`
WHERE (locale is null) OR (locale = :locale)
ORDER BY `sortOrder`. Bound with :locale='en_us')
2014/05/22 02:22:10 [trace] [system.CModule] Loading "templates" application component
in /Applications/MAMP/htdocs/corben.au.com/craft/app/etc/web/WebApp.php (572)
in /Applications/MAMP/htdocs/corben.au.com/craft/app/controllers/BaseController.php (75)
in /Applications/MAMP/htdocs/corben.au.com/craft/app/controllers/TemplatesController.php (185)
2014/05/22 02:22:10 [trace] [system.CModule] Loading "userSession" application component
in /Applications/MAMP/htdocs/corben.au.com/craft/app/etc/web/WebApp.php (572)
in /Applications/MAMP/htdocs/corben.au.com/craft/app/etc/templating/twigextensions/CraftTwigExtension.php (317)
in /Applications/MAMP/htdocs/corben.au.com/craft/app/vendor/twig/twig/lib/Twig/Environment.php (1132)
2014/05/22 02:22:10 [trace] [system.CModule] Loading "httpSession" application component
in /Applications/MAMP/htdocs/corben.au.com/craft/app/etc/web/WebApp.php (572)
in /Applications/MAMP/htdocs/corben.au.com/craft/app/etc/web/WebApp.php (503)
in /Applications/MAMP/htdocs/corben.au.com/craft/app/services/UserSessionService.php (53)
2014/05/22 02:22:10 [trace] [system.CModule] Loading "securityManager" application component
in /Applications/MAMP/htdocs/corben.au.com/craft/app/etc/web/WebApp.php (572)
in /Applications/MAMP/htdocs/corben.au.com/craft/app/services/HttpRequestService.php (564)
in /Applications/MAMP/htdocs/corben.au.com/craft/app/services/UserSessionService.php (58)
2014/05/22 02:22:10 [trace] [system.CModule] Loading "statePersister" application component
in /Applications/MAMP/htdocs/corben.au.com/craft/app/etc/web/WebApp.php (572)
in /Applications/MAMP/htdocs/corben.au.com/craft/app/services/HttpRequestService.php (564)
in /Applications/MAMP/htdocs/corben.au.com/craft/app/services/UserSessionService.php (58)
2014/05/22 02:22:10 [trace] [system.CModule] Loading "cache" application component
in /Applications/MAMP/htdocs/corben.au.com/craft/app/etc/web/WebApp.php (572)
in /Applications/MAMP/htdocs/corben.au.com/craft/app/services/HttpRequestService.php (564)
in /Applications/MAMP/htdocs/corben.au.com/craft/app/services/UserSessionService.php (58)
2014/05/22 02:22:10 [trace] [system.caching.Craft\FileCache] Serving "Yii.CStatePersister./Applications/MAMP/htdocs/corben.au.com/craft/storage/runtime/state/state.bin" from cache
in /Applications/MAMP/htdocs/corben.au.com/craft/app/services/CacheService.php (148)
in /Applications/MAMP/htdocs/corben.au.com/craft/app/services/HttpRequestService.php (564)
in /Applications/MAMP/htdocs/corben.au.com/craft/app/services/UserSessionService.php (58)
2014/05/22 02:22:10 [trace] [system.CModule] Loading "globals" application component
in /Applications/MAMP/htdocs/corben.au.com/craft/app/etc/web/WebApp.php (572)
in /Applications/MAMP/htdocs/corben.au.com/craft/app/etc/templating/twigextensions/CraftTwigExtension.php (325)
in /Applications/MAMP/htdocs/corben.au.com/craft/app/vendor/twig/twig/lib/Twig/Environment.php (1132)
2014/05/22 02:22:10 [trace] [system.CModule] Loading "components" application component
in /Applications/MAMP/htdocs/corben.au.com/craft/app/etc/web/WebApp.php (572)
in /Applications/MAMP/htdocs/corben.au.com/craft/app/services/ElementsService.php (1429)
in /Applications/MAMP/htdocs/corben.au.com/craft/app/services/ElementsService.php (32)
2014/05/22 02:22:10 [trace] [system.CModule] Loading "fields" application component
in /Applications/MAMP/htdocs/corben.au.com/craft/app/etc/web/WebApp.php (572)
in /Applications/MAMP/htdocs/corben.au.com/craft/app/models/ElementCriteriaModel.php (89)
in /Applications/MAMP/htdocs/corben.au.com/craft/app/models/BaseModel.php (188)
2014/05/22 02:22:10 [trace] [system.CModule] Loading "content" application component
in /Applications/MAMP/htdocs/corben.au.com/craft/app/etc/web/WebApp.php (572)
in /Applications/MAMP/htdocs/corben.au.com/craft/app/services/FieldsService.php (177)
in /Applications/MAMP/htdocs/corben.au.com/craft/app/models/ElementCriteriaModel.php (89)
2014/05/22 02:22:10 [trace] [system.db.CDbCommand] Querying SQL: SELECT `id`, `groupId`, `name`, `handle`, `context`, `instructions`, `translatable`, `type`, `settings`
FROM `craft_fields`
WHERE context = :context
ORDER BY `name`. Bound with :context='global'
in /Applications/MAMP/htdocs/corben.au.com/craft/app/services/FieldsService.php (183)
in /Applications/MAMP/htdocs/corben.au.com/craft/app/models/ElementCriteriaModel.php (89)
in /Applications/MAMP/htdocs/corben.au.com/craft/app/models/BaseModel.php (188)
2014/05/22 02:22:10 [profile] [system.db.CDbCommand.query] begin:system.db.CDbCommand.query(SELECT `id`, `groupId`, `name`, `handle`, `context`, `instructions`, `translatable`, `type`, `settings`
FROM `craft_fields`
WHERE context = :context
ORDER BY `name`. Bound with :context='global')
2014/05/22 02:22:10 [profile] [system.db.CDbCommand.query] end:system.db.CDbCommand.query(SELECT `id`, `groupId`, `name`, `handle`, `context`, `instructions`, `translatable`, `type`, `settings`
FROM `craft_fields`
WHERE context = :context
ORDER BY `name`. Bound with :context='global')
2014/05/22 02:22:10 [trace] [system.CModule] Loading "messages" application component
in /Applications/MAMP/htdocs/corben.au.com/craft/app/etc/web/WebApp.php (572)
in /Applications/MAMP/htdocs/corben.au.com/craft/app/Craft.php (365)
in /Applications/MAMP/htdocs/corben.au.com/craft/app/elementtypes/BaseElementType.php (77)
2014/05/22 02:22:10 [trace] [system.db.CDbCommand] Querying SQL: SELECT `elements`.`id`, `elements`.`type`, `elements`.`enabled`, `elements`.`archived`, `elements`.`dateCreated`, `elements`.`dateUpdated`, `elements_i18n`.`slug`, `elements_i18n`.`uri`, `elements_i18n`.`enabled` AS `localeEnabled`, `content`.`id` AS `contentId`, `content`.`field_body`, `content`.`field_heading`, `globalsets`.`name`, `globalsets`.`handle`, `globalsets`.`fieldLayoutId`
FROM `craft_elements` `elements`
JOIN `craft_elements_i18n` `elements_i18n` ON elements_i18n.elementId = elements.id
JOIN `craft_content` `content` ON content.elementId = elements.id
JOIN `craft_globalsets` `globalsets` ON globalsets.id = elements.id
WHERE ((((elements_i18n.locale = :locale) AND (content.locale = :locale)) AND (elements.archived = 0)) AND (elements.enabled = 1)) AND (elements_i18n.enabled = 1)
GROUP BY `elements`.`id`
ORDER BY `name` LIMIT 100. Bound with :locale='en_us'
in /Applications/MAMP/htdocs/corben.au.com/craft/app/services/ElementsService.php (225)
in /Applications/MAMP/htdocs/corben.au.com/craft/app/models/ElementCriteriaModel.php (271)
in /Applications/MAMP/htdocs/corben.au.com/craft/app/services/GlobalsService.php (77)
2014/05/22 02:22:10 [profile] [system.db.CDbCommand.query] begin:system.db.CDbCommand.query(SELECT `elements`.`id`, `elements`.`type`, `elements`.`enabled`, `elements`.`archived`, `elements`.`dateCreated`, `elements`.`dateUpdated`, `elements_i18n`.`slug`, `elements_i18n`.`uri`, `elements_i18n`.`enabled` AS `localeEnabled`, `content`.`id` AS `contentId`, `content`.`field_body`, `content`.`field_heading`, `globalsets`.`name`, `globalsets`.`handle`, `globalsets`.`fieldLayoutId`
FROM `craft_elements` `elements`
JOIN `craft_elements_i18n` `elements_i18n` ON elements_i18n.elementId = elements.id
JOIN `craft_content` `content` ON content.elementId = elements.id
JOIN `craft_globalsets` `globalsets` ON globalsets.id = elements.id
WHERE ((((elements_i18n.locale = :locale) AND (content.locale = :locale)) AND (elements.archived = 0)) AND (elements.enabled = 1)) AND (elements_i18n.enabled = 1)
GROUP BY `elements`.`id`
ORDER BY `name` LIMIT 100. Bound with :locale='en_us')
2014/05/22 02:22:10 [profile] [system.db.CDbCommand.query] end:system.db.CDbCommand.query(SELECT `elements`.`id`, `elements`.`type`, `elements`.`enabled`, `elements`.`archived`, `elements`.`dateCreated`, `elements`.`dateUpdated`, `elements_i18n`.`slug`, `elements_i18n`.`uri`, `elements_i18n`.`enabled` AS `localeEnabled`, `content`.`id` AS `contentId`, `content`.`field_body`, `content`.`field_heading`, `globalsets`.`name`, `globalsets`.`handle`, `globalsets`.`fieldLayoutId`
FROM `craft_elements` `elements`
JOIN `craft_elements_i18n` `elements_i18n` ON elements_i18n.elementId = elements.id
JOIN `craft_content` `content` ON content.elementId = elements.id
JOIN `craft_globalsets` `globalsets` ON globalsets.id = elements.id
WHERE ((((elements_i18n.locale = :locale) AND (content.locale = :locale)) AND (elements.archived = 0)) AND (elements.enabled = 1)) AND (elements_i18n.enabled = 1)
GROUP BY `elements`.`id`
ORDER BY `name` LIMIT 100. Bound with :locale='en_us')

******************************************************************************************************
2014/05/22 02:25:45 [info] [application] $_GET=array (
  'p' => 'styleguide',
)

$_COOKIE=array (
  'CraftSessionId' => '4121b9f261f5aca2b5cacdc770704377',
)

$_SERVER=array (
  'REDIRECT_STATUS' => '200',
  'HTTP_HOST' => 'corben.dev',
  'HTTP_REFERER' => 'http://studio-chakra.local:5757/styleguide',
  'HTTP_ACCEPT_ENCODING' => '',
  'HTTP_VIA' => 'studio-chakra.local:5757',
  'HTTP_COOKIE' => 'CraftSessionId=4121b9f261f5aca2b5cacdc770704377',
  'HTTP_ACCEPT' => '*/*',
  'HTTP_USER_AGENT' => 'Mozilla/4.0 (compatible; MSIE 8.0; Windows NT 6.0; Trident/4.0; SLCC1; .NET CLR 2.0.50727; .NET CLR 3.5.30729; .NET CLR 3.0.30729)',
  'HTTP_ACCEPT_LANGUAGE' => 'en-us',
  'HTTP_CACHE_CONTROL' => 'max-age=0, no-cache, no-store, must-revalidate',
  'HTTP_CONNECTION' => 'keep-alive',
  'PATH' => '/usr/bin:/bin:/usr/sbin:/sbin',
  'SERVER_SIGNATURE' => '',
  'SERVER_SOFTWARE' => 'Apache',
  'SERVER_NAME' => 'corben.dev',
  'SERVER_ADDR' => '127.0.0.1',
  'SERVER_PORT' => '80',
  'REMOTE_ADDR' => '127.0.0.1',
  'DOCUMENT_ROOT' => '/Applications/MAMP/htdocs/corben.au.com/corben',
  'SERVER_ADMIN' => 'you@example.com',
  'SCRIPT_FILENAME' => '/Applications/MAMP/htdocs/corben.au.com/corben/index.php',
  'REMOTE_PORT' => '52034',
  'REDIRECT_QUERY_STRING' => 'p=styleguide',
  'REDIRECT_URL' => '/styleguide',
  'GATEWAY_INTERFACE' => 'CGI/1.1',
  'SERVER_PROTOCOL' => 'HTTP/1.1',
  'REQUEST_METHOD' => 'GET',
  'QUERY_STRING' => 'p=styleguide',
  'REQUEST_URI' => '/styleguide',
  'SCRIPT_NAME' => '/index.php',
  'PHP_SELF' => '/index.php',
  'REQUEST_TIME_FLOAT' => 1400725545.63000011444091796875,
  'REQUEST_TIME' => 1400725545,
  'argv' => 
  array (
    0 => 'p=styleguide',
  ),
  'argc' => 1,
)
2014/05/22 02:25:45 [trace] [system.CModule] Loading "db" application component
in /Applications/MAMP/htdocs/corben.au.com/craft/app/etc/web/WebApp.php (572)
in /Applications/MAMP/htdocs/corben.au.com/craft/app/etc/behaviors/AppBehavior.php (41)
in /Applications/MAMP/htdocs/corben.au.com/craft/app/etc/web/WebApp.php (721)
2014/05/22 02:25:45 [trace] [system.db.CDbConnection] Opening DB connection
in /Applications/MAMP/htdocs/corben.au.com/craft/app/etc/db/DbConnection.php (33)
in /Applications/MAMP/htdocs/corben.au.com/craft/app/etc/web/WebApp.php (572)
in /Applications/MAMP/htdocs/corben.au.com/craft/app/etc/behaviors/AppBehavior.php (41)
2014/05/22 02:25:45 [trace] [system.db.CDbCommand] Querying SQL: SHOW TABLES LIKE 'craft_%'
in /Applications/MAMP/htdocs/corben.au.com/craft/app/etc/db/schemas/MysqlSchema.php (251)
in /Applications/MAMP/htdocs/corben.au.com/craft/app/etc/db/DbConnection.php (130)
in /Applications/MAMP/htdocs/corben.au.com/craft/app/etc/behaviors/AppBehavior.php (59)
2014/05/22 02:25:45 [profile] [system.db.CDbCommand.query] begin:system.db.CDbCommand.query(SHOW TABLES LIKE 'craft_%')
2014/05/22 02:25:45 [profile] [system.db.CDbCommand.query] end:system.db.CDbCommand.query(SHOW TABLES LIKE 'craft_%')
2014/05/22 02:25:45 [trace] [system.db.CDbCommand] Querying SQL: SELECT *
FROM `craft_info` LIMIT 1
in /Applications/MAMP/htdocs/corben.au.com/craft/app/etc/behaviors/AppBehavior.php (405)
in /Applications/MAMP/htdocs/corben.au.com/craft/app/etc/behaviors/AppBehavior.php (366)
in /Applications/MAMP/htdocs/corben.au.com/craft/app/etc/web/WebApp.php (142)
2014/05/22 02:25:45 [profile] [system.db.CDbCommand.query] begin:system.db.CDbCommand.query(SELECT *
FROM `craft_info` LIMIT 1)
2014/05/22 02:25:45 [profile] [system.db.CDbCommand.query] end:system.db.CDbCommand.query(SELECT *
FROM `craft_info` LIMIT 1)
2014/05/22 02:25:45 [trace] [system.CModule] Loading "updates" application component
in /Applications/MAMP/htdocs/corben.au.com/craft/app/etc/web/WebApp.php (572)
in /Applications/MAMP/htdocs/corben.au.com/craft/app/etc/web/WebApp.php (157)
in /Applications/MAMP/htdocs/corben.au.com/craft/app/index.php (196)
2014/05/22 02:25:45 [trace] [system.CModule] Loading "plugins" application component
in /Applications/MAMP/htdocs/corben.au.com/craft/app/etc/web/WebApp.php (572)
in /Applications/MAMP/htdocs/corben.au.com/craft/app/etc/web/WebApp.php (215)
in /Applications/MAMP/htdocs/corben.au.com/craft/app/index.php (196)
2014/05/22 02:25:45 [trace] [system.db.CDbCommand] Querying SQL: SELECT `id`, `class`, `version`, `settings`, `installDate`
FROM `craft_plugins`
WHERE enabled=1
in /Applications/MAMP/htdocs/corben.au.com/craft/app/services/PluginsService.php (99)
in /Applications/MAMP/htdocs/corben.au.com/craft/app/etc/web/WebApp.php (215)
in /Applications/MAMP/htdocs/corben.au.com/craft/app/index.php (196)
2014/05/22 02:25:45 [profile] [system.db.CDbCommand.query] begin:system.db.CDbCommand.query(SELECT `id`, `class`, `version`, `settings`, `installDate`
FROM `craft_plugins`
WHERE enabled=1)
2014/05/22 02:25:45 [profile] [system.db.CDbCommand.query] end:system.db.CDbCommand.query(SELECT `id`, `class`, `version`, `settings`, `installDate`
FROM `craft_plugins`
WHERE enabled=1)
2014/05/22 02:25:45 [trace] [system.CModule] Loading "elements" application component
in /Applications/MAMP/htdocs/corben.au.com/craft/app/etc/web/WebApp.php (572)
in /Applications/MAMP/htdocs/corben.au.com/craft/app/etc/web/UrlManager.php (220)
in /Applications/MAMP/htdocs/corben.au.com/craft/app/etc/web/UrlManager.php (84)
2014/05/22 02:25:45 [trace] [system.CModule] Loading "i18n" application component
in /Applications/MAMP/htdocs/corben.au.com/craft/app/etc/web/WebApp.php (572)
in /Applications/MAMP/htdocs/corben.au.com/craft/app/etc/web/WebApp.php (804)
in /Applications/MAMP/htdocs/corben.au.com/craft/app/etc/web/WebApp.php (278)
2014/05/22 02:25:45 [trace] [system.db.CDbCommand] Querying SQL: SELECT `locale`
FROM `craft_locales`
ORDER BY `sortOrder` LIMIT 1
in /Applications/MAMP/htdocs/corben.au.com/craft/app/services/LocalizationService.php (108)
in /Applications/MAMP/htdocs/corben.au.com/craft/app/services/LocalizationService.php (131)
in /Applications/MAMP/htdocs/corben.au.com/craft/app/services/LocalizationService.php (142)
2014/05/22 02:25:45 [profile] [system.db.CDbCommand.query] begin:system.db.CDbCommand.query(SELECT `locale`
FROM `craft_locales`
ORDER BY `sortOrder` LIMIT 1)
2014/05/22 02:25:45 [profile] [system.db.CDbCommand.query] end:system.db.CDbCommand.query(SELECT `locale`
FROM `craft_locales`
ORDER BY `sortOrder` LIMIT 1)
2014/05/22 02:25:45 [trace] [system.db.CDbCommand] Querying SQL: SELECT `elements`.`id`, `elements`.`type`
FROM `craft_elements` `elements`
JOIN `craft_elements_i18n` `elements_i18n` ON elements_i18n.elementId = elements.id
WHERE (elements_i18n.uri = :uri) AND (elements_i18n.locale = :locale) AND (elements_i18n.enabled = 1) AND (elements.enabled = 1) AND (elements.archived = 0). Bound with :uri='styleguide', :locale='en_us'
in /Applications/MAMP/htdocs/corben.au.com/craft/app/services/ElementsService.php (118)
in /Applications/MAMP/htdocs/corben.au.com/craft/app/etc/web/UrlManager.php (220)
in /Applications/MAMP/htdocs/corben.au.com/craft/app/etc/web/UrlManager.php (84)
2014/05/22 02:25:45 [profile] [system.db.CDbCommand.query] begin:system.db.CDbCommand.query(SELECT `elements`.`id`, `elements`.`type`
FROM `craft_elements` `elements`
JOIN `craft_elements_i18n` `elements_i18n` ON elements_i18n.elementId = elements.id
WHERE (elements_i18n.uri = :uri) AND (elements_i18n.locale = :locale) AND (elements_i18n.enabled = 1) AND (elements.enabled = 1) AND (elements.archived = 0). Bound with :uri='styleguide', :locale='en_us')
2014/05/22 02:25:45 [profile] [system.db.CDbCommand.query] end:system.db.CDbCommand.query(SELECT `elements`.`id`, `elements`.`type`
FROM `craft_elements` `elements`
JOIN `craft_elements_i18n` `elements_i18n` ON elements_i18n.elementId = elements.id
WHERE (elements_i18n.uri = :uri) AND (elements_i18n.locale = :locale) AND (elements_i18n.enabled = 1) AND (elements.enabled = 1) AND (elements.archived = 0). Bound with :uri='styleguide', :locale='en_us')
2014/05/22 02:25:45 [trace] [system.CModule] Loading "routes" application component
in /Applications/MAMP/htdocs/corben.au.com/craft/app/etc/web/WebApp.php (572)
in /Applications/MAMP/htdocs/corben.au.com/craft/app/etc/web/UrlManager.php (280)
in /Applications/MAMP/htdocs/corben.au.com/craft/app/etc/web/UrlManager.php (100)
2014/05/22 02:25:45 [trace] [system.db.CDbCommand] Querying SQL: SELECT `urlPattern`, `template`
FROM `craft_routes`
WHERE (locale is null) OR (locale = :locale)
ORDER BY `sortOrder`. Bound with :locale='en_us'
in /Applications/MAMP/htdocs/corben.au.com/craft/app/services/RoutesService.php (65)
in /Applications/MAMP/htdocs/corben.au.com/craft/app/etc/web/UrlManager.php (287)
in /Applications/MAMP/htdocs/corben.au.com/craft/app/etc/web/UrlManager.php (100)
2014/05/22 02:25:45 [profile] [system.db.CDbCommand.query] begin:system.db.CDbCommand.query(SELECT `urlPattern`, `template`
FROM `craft_routes`
WHERE (locale is null) OR (locale = :locale)
ORDER BY `sortOrder`. Bound with :locale='en_us')
2014/05/22 02:25:45 [profile] [system.db.CDbCommand.query] end:system.db.CDbCommand.query(SELECT `urlPattern`, `template`
FROM `craft_routes`
WHERE (locale is null) OR (locale = :locale)
ORDER BY `sortOrder`. Bound with :locale='en_us')
2014/05/22 02:25:45 [trace] [system.CModule] Loading "templates" application component
in /Applications/MAMP/htdocs/corben.au.com/craft/app/etc/web/WebApp.php (572)
in /Applications/MAMP/htdocs/corben.au.com/craft/app/controllers/BaseController.php (75)
in /Applications/MAMP/htdocs/corben.au.com/craft/app/controllers/TemplatesController.php (185)
2014/05/22 02:25:45 [trace] [system.CModule] Loading "userSession" application component
in /Applications/MAMP/htdocs/corben.au.com/craft/app/etc/web/WebApp.php (572)
in /Applications/MAMP/htdocs/corben.au.com/craft/app/etc/templating/twigextensions/CraftTwigExtension.php (317)
in /Applications/MAMP/htdocs/corben.au.com/craft/app/vendor/twig/twig/lib/Twig/Environment.php (1132)
2014/05/22 02:25:45 [trace] [system.CModule] Loading "httpSession" application component
in /Applications/MAMP/htdocs/corben.au.com/craft/app/etc/web/WebApp.php (572)
in /Applications/MAMP/htdocs/corben.au.com/craft/app/etc/web/WebApp.php (503)
in /Applications/MAMP/htdocs/corben.au.com/craft/app/services/UserSessionService.php (53)
2014/05/22 02:25:45 [trace] [system.CModule] Loading "securityManager" application component
in /Applications/MAMP/htdocs/corben.au.com/craft/app/etc/web/WebApp.php (572)
in /Applications/MAMP/htdocs/corben.au.com/craft/app/services/HttpRequestService.php (564)
in /Applications/MAMP/htdocs/corben.au.com/craft/app/services/UserSessionService.php (58)
2014/05/22 02:25:45 [trace] [system.CModule] Loading "statePersister" application component
in /Applications/MAMP/htdocs/corben.au.com/craft/app/etc/web/WebApp.php (572)
in /Applications/MAMP/htdocs/corben.au.com/craft/app/services/HttpRequestService.php (564)
in /Applications/MAMP/htdocs/corben.au.com/craft/app/services/UserSessionService.php (58)
2014/05/22 02:25:45 [trace] [system.CModule] Loading "cache" application component
in /Applications/MAMP/htdocs/corben.au.com/craft/app/etc/web/WebApp.php (572)
in /Applications/MAMP/htdocs/corben.au.com/craft/app/services/HttpRequestService.php (564)
in /Applications/MAMP/htdocs/corben.au.com/craft/app/services/UserSessionService.php (58)
2014/05/22 02:25:45 [trace] [system.caching.Craft\FileCache] Serving "Yii.CStatePersister./Applications/MAMP/htdocs/corben.au.com/craft/storage/runtime/state/state.bin" from cache
in /Applications/MAMP/htdocs/corben.au.com/craft/app/services/CacheService.php (148)
in /Applications/MAMP/htdocs/corben.au.com/craft/app/services/HttpRequestService.php (564)
in /Applications/MAMP/htdocs/corben.au.com/craft/app/services/UserSessionService.php (58)
2014/05/22 02:25:45 [trace] [system.CModule] Loading "globals" application component
in /Applications/MAMP/htdocs/corben.au.com/craft/app/etc/web/WebApp.php (572)
in /Applications/MAMP/htdocs/corben.au.com/craft/app/etc/templating/twigextensions/CraftTwigExtension.php (325)
in /Applications/MAMP/htdocs/corben.au.com/craft/app/vendor/twig/twig/lib/Twig/Environment.php (1132)
2014/05/22 02:25:45 [trace] [system.CModule] Loading "components" application component
in /Applications/MAMP/htdocs/corben.au.com/craft/app/etc/web/WebApp.php (572)
in /Applications/MAMP/htdocs/corben.au.com/craft/app/services/ElementsService.php (1429)
in /Applications/MAMP/htdocs/corben.au.com/craft/app/services/ElementsService.php (32)
2014/05/22 02:25:45 [trace] [system.CModule] Loading "fields" application component
in /Applications/MAMP/htdocs/corben.au.com/craft/app/etc/web/WebApp.php (572)
in /Applications/MAMP/htdocs/corben.au.com/craft/app/models/ElementCriteriaModel.php (89)
in /Applications/MAMP/htdocs/corben.au.com/craft/app/models/BaseModel.php (188)
2014/05/22 02:25:45 [trace] [system.CModule] Loading "content" application component
in /Applications/MAMP/htdocs/corben.au.com/craft/app/etc/web/WebApp.php (572)
in /Applications/MAMP/htdocs/corben.au.com/craft/app/services/FieldsService.php (177)
in /Applications/MAMP/htdocs/corben.au.com/craft/app/models/ElementCriteriaModel.php (89)
2014/05/22 02:25:45 [trace] [system.db.CDbCommand] Querying SQL: SELECT `id`, `groupId`, `name`, `handle`, `context`, `instructions`, `translatable`, `type`, `settings`
FROM `craft_fields`
WHERE context = :context
ORDER BY `name`. Bound with :context='global'
in /Applications/MAMP/htdocs/corben.au.com/craft/app/services/FieldsService.php (183)
in /Applications/MAMP/htdocs/corben.au.com/craft/app/models/ElementCriteriaModel.php (89)
in /Applications/MAMP/htdocs/corben.au.com/craft/app/models/BaseModel.php (188)
2014/05/22 02:25:45 [profile] [system.db.CDbCommand.query] begin:system.db.CDbCommand.query(SELECT `id`, `groupId`, `name`, `handle`, `context`, `instructions`, `translatable`, `type`, `settings`
FROM `craft_fields`
WHERE context = :context
ORDER BY `name`. Bound with :context='global')
2014/05/22 02:25:45 [profile] [system.db.CDbCommand.query] end:system.db.CDbCommand.query(SELECT `id`, `groupId`, `name`, `handle`, `context`, `instructions`, `translatable`, `type`, `settings`
FROM `craft_fields`
WHERE context = :context
ORDER BY `name`. Bound with :context='global')
2014/05/22 02:25:45 [trace] [system.CModule] Loading "messages" application component
in /Applications/MAMP/htdocs/corben.au.com/craft/app/etc/web/WebApp.php (572)
in /Applications/MAMP/htdocs/corben.au.com/craft/app/Craft.php (365)
in /Applications/MAMP/htdocs/corben.au.com/craft/app/elementtypes/BaseElementType.php (77)
2014/05/22 02:25:45 [trace] [system.db.CDbCommand] Querying SQL: SELECT `elements`.`id`, `elements`.`type`, `elements`.`enabled`, `elements`.`archived`, `elements`.`dateCreated`, `elements`.`dateUpdated`, `elements_i18n`.`slug`, `elements_i18n`.`uri`, `elements_i18n`.`enabled` AS `localeEnabled`, `content`.`id` AS `contentId`, `content`.`field_body`, `content`.`field_heading`, `globalsets`.`name`, `globalsets`.`handle`, `globalsets`.`fieldLayoutId`
FROM `craft_elements` `elements`
JOIN `craft_elements_i18n` `elements_i18n` ON elements_i18n.elementId = elements.id
JOIN `craft_content` `content` ON content.elementId = elements.id
JOIN `craft_globalsets` `globalsets` ON globalsets.id = elements.id
WHERE ((((elements_i18n.locale = :locale) AND (content.locale = :locale)) AND (elements.archived = 0)) AND (elements.enabled = 1)) AND (elements_i18n.enabled = 1)
GROUP BY `elements`.`id`
ORDER BY `name` LIMIT 100. Bound with :locale='en_us'
in /Applications/MAMP/htdocs/corben.au.com/craft/app/services/ElementsService.php (225)
in /Applications/MAMP/htdocs/corben.au.com/craft/app/models/ElementCriteriaModel.php (271)
in /Applications/MAMP/htdocs/corben.au.com/craft/app/services/GlobalsService.php (77)
2014/05/22 02:25:45 [profile] [system.db.CDbCommand.query] begin:system.db.CDbCommand.query(SELECT `elements`.`id`, `elements`.`type`, `elements`.`enabled`, `elements`.`archived`, `elements`.`dateCreated`, `elements`.`dateUpdated`, `elements_i18n`.`slug`, `elements_i18n`.`uri`, `elements_i18n`.`enabled` AS `localeEnabled`, `content`.`id` AS `contentId`, `content`.`field_body`, `content`.`field_heading`, `globalsets`.`name`, `globalsets`.`handle`, `globalsets`.`fieldLayoutId`
FROM `craft_elements` `elements`
JOIN `craft_elements_i18n` `elements_i18n` ON elements_i18n.elementId = elements.id
JOIN `craft_content` `content` ON content.elementId = elements.id
JOIN `craft_globalsets` `globalsets` ON globalsets.id = elements.id
WHERE ((((elements_i18n.locale = :locale) AND (content.locale = :locale)) AND (elements.archived = 0)) AND (elements.enabled = 1)) AND (elements_i18n.enabled = 1)
GROUP BY `elements`.`id`
ORDER BY `name` LIMIT 100. Bound with :locale='en_us')
2014/05/22 02:25:45 [profile] [system.db.CDbCommand.query] end:system.db.CDbCommand.query(SELECT `elements`.`id`, `elements`.`type`, `elements`.`enabled`, `elements`.`archived`, `elements`.`dateCreated`, `elements`.`dateUpdated`, `elements_i18n`.`slug`, `elements_i18n`.`uri`, `elements_i18n`.`enabled` AS `localeEnabled`, `content`.`id` AS `contentId`, `content`.`field_body`, `content`.`field_heading`, `globalsets`.`name`, `globalsets`.`handle`, `globalsets`.`fieldLayoutId`
FROM `craft_elements` `elements`
JOIN `craft_elements_i18n` `elements_i18n` ON elements_i18n.elementId = elements.id
JOIN `craft_content` `content` ON content.elementId = elements.id
JOIN `craft_globalsets` `globalsets` ON globalsets.id = elements.id
WHERE ((((elements_i18n.locale = :locale) AND (content.locale = :locale)) AND (elements.archived = 0)) AND (elements.enabled = 1)) AND (elements_i18n.enabled = 1)
GROUP BY `elements`.`id`
ORDER BY `name` LIMIT 100. Bound with :locale='en_us')

******************************************************************************************************
